<?xml version="1.0" encoding="UTF-8"?>
<!-- Generated by org.testng.reporters.JUnitReportReporter -->
<testsuite hostname="DESKTOP-1VK2U25" name="com.TestNG_MultipleTest_New.MoreTestCases" tests="6" failures="0" timestamp="13 May 2020 12:17:11 GMT" time="0.431" errors="0">
  <testcase name="testTwo" time="0.004" classname="com.TestNG_MultipleTest_New.MoreTestCases"/>
  <testcase name="textOne" time="0.006" classname="com.TestNG_MultipleTest_New.MoreTestCases"/>
  <testcase name="showURL" time="0.019" classname="com.TestNG_MultipleTest_New.MoreTestCases"/>
  <testcase name="TitleTest" time="0.021" classname="com.TestNG_MultipleTest_New.MoreTestCases"/>
  <testcase name="testThree" time="0.002" classname="com.TestNG_MultipleTest_New.MoreTestCases"/>
  <testcase name="logoTest" time="0.379" classname="com.TestNG_MultipleTest_New.MoreTestCases"/>
</testsuite> <!-- com.TestNG_MultipleTest_New.MoreTestCases -->
