<?xml version="1.0" encoding="UTF-8"?>
<!-- Generated by org.testng.reporters.JUnitReportReporter -->
<testsuite hostname="DESKTOP-1VK2U25" name="com.BasicTestNG.BeforeClassTest" tests="1" failures="0" timestamp="11 May 2020 16:09:18 GMT" time="34.151" errors="0">
  <testcase name="BasicTest" time="34.151" classname="com.BasicTestNG.BeforeClassTest"/>
</testsuite> <!-- com.BasicTestNG.BeforeClassTest -->
