<?xml version="1.0" encoding="UTF-8"?>
<!-- Generated by org.testng.reporters.JUnitReportReporter -->
<testsuite hostname="DESKTOP-1VK2U25" name="com.TestNG_MultipleTest_New.NumberFormatExceptionTest" tests="1" failures="0" timestamp="13 May 2020 12:26:33 GMT" time="0.026" errors="0">
  <testcase name="testOne" time="0.026" classname="com.TestNG_MultipleTest_New.NumberFormatExceptionTest"/>
</testsuite> <!-- com.TestNG_MultipleTest_New.NumberFormatExceptionTest -->
