<?xml version="1.0" encoding="UTF-8"?>
<!-- Generated by org.testng.reporters.JUnitReportReporter -->
<testsuite hostname="DESKTOP-1VK2U25" name="com.GenerateTestReport.GenerateTestReport" tests="2" failures="0" timestamp="13 May 2020 16:34:04 GMT" time="18.028" errors="0">
  <testcase name="tearDown" time="11.975" classname="com.GenerateTestReport.GenerateTestReport"/>
  <testcase name="googleTitle" time="6.053" classname="com.GenerateTestReport.GenerateTestReport"/>
</testsuite> <!-- com.GenerateTestReport.GenerateTestReport -->
