<?xml version="1.0" encoding="UTF-8"?>
<!-- Generated by org.testng.reporters.JUnitReportReporter -->
<testsuite hostname="DESKTOP-1VK2U25" name="com.DataProviderTest.DataProviderTest" tests="3" failures="0" timestamp="13 May 2020 17:12:06 GMT" time="120.969" errors="0">
  <testcase name="findData" time="19.034" classname="com.DataProviderTest.DataProviderTest"/>
  <testcase name="findData" time="58.206" classname="com.DataProviderTest.DataProviderTest"/>
  <testcase name="findData" time="43.729" classname="com.DataProviderTest.DataProviderTest"/>
</testsuite> <!-- com.DataProviderTest.DataProviderTest -->
