<?xml version="1.0" encoding="UTF-8"?>
<!-- Generated by org.testng.reporters.JUnitReportReporter -->
<testsuite hostname="DESKTOP-1VK2U25" name="com.BasicTestNG.BeforeMethodTest" tests="1" failures="0" timestamp="11 May 2020 16:04:40 GMT" time="27.889" errors="0">
  <testcase name="simpleTest" time="27.889" classname="com.BasicTestNG.BeforeMethodTest"/>
</testsuite> <!-- com.BasicTestNG.BeforeMethodTest -->
