<?xml version="1.0" encoding="UTF-8"?>
<!-- Generated by org.testng.reporters.JUnitReportReporter -->
<testsuite hostname="DESKTOP-1VK2U25" name="com.AddLogInReport.AddLogInReport" tests="4" failures="0" timestamp="13 May 2020 16:20:03 GMT" time="27.324" errors="0">
  <testcase name="googleURL" time="0.016" classname="com.AddLogInReport.AddLogInReport"/>
  <testcase name="googleOpen" time="19.864" classname="com.AddLogInReport.AddLogInReport"/>
  <testcase name="tearDown" time="7.397" classname="com.AddLogInReport.AddLogInReport"/>
  <testcase name="googleTitle" time="0.047" classname="com.AddLogInReport.AddLogInReport"/>
</testsuite> <!-- com.AddLogInReport.AddLogInReport -->
