<?xml version="1.0" encoding="UTF-8"?>
<!-- Generated by org.testng.reporters.JUnitReportReporter -->
<testsuite hostname="DESKTOP-1VK2U25" name="com.BasicTestNG.BeforeSuiteTest" tests="1" failures="0" timestamp="11 May 2020 16:16:33 GMT" time="0.042" errors="0">
  <testcase name="TitleTest" time="0.042" classname="com.BasicTestNG.BeforeSuiteTest"/>
</testsuite> <!-- com.BasicTestNG.BeforeSuiteTest -->
