<?xml version="1.0" encoding="UTF-8"?>
<!-- Generated by org.testng.reporters.JUnitReportReporter -->
<testsuite hostname="DESKTOP-1VK2U25" name="com.DataProviderTest.DataProviderImplement" tests="3" failures="0" timestamp="13 May 2020 17:32:19 GMT" time="61.416" errors="0">
  <testcase name="loginTest" time="19.956" classname="com.DataProviderTest.DataProviderImplement"/>
  <testcase name="loginTest" time="23.712" classname="com.DataProviderTest.DataProviderImplement"/>
  <testcase name="loginTest" time="17.748" classname="com.DataProviderTest.DataProviderImplement"/>
</testsuite> <!-- com.DataProviderTest.DataProviderImplement -->
