<?xml version="1.0" encoding="UTF-8"?>
<!-- Generated by org.testng.reporters.JUnitReportReporter -->
<testsuite hostname="DESKTOP-1VK2U25" name="com.TestNG_MultipleTest_New.InvocationCountTest" tests="10" failures="0" timestamp="13 May 2020 12:13:23 GMT" time="0.045" errors="0">
  <testcase name="sum" time="0.002" classname="com.TestNG_MultipleTest_New.InvocationCountTest"/>
  <testcase name="sum" time="0.003" classname="com.TestNG_MultipleTest_New.InvocationCountTest"/>
  <testcase name="sum" time="0.004" classname="com.TestNG_MultipleTest_New.InvocationCountTest"/>
  <testcase name="sum" time="0.001" classname="com.TestNG_MultipleTest_New.InvocationCountTest"/>
  <testcase name="sum" time="0.004" classname="com.TestNG_MultipleTest_New.InvocationCountTest"/>
  <testcase name="sum" time="0.002" classname="com.TestNG_MultipleTest_New.InvocationCountTest"/>
  <testcase name="sum" time="0.003" classname="com.TestNG_MultipleTest_New.InvocationCountTest"/>
  <testcase name="sum" time="0.022" classname="com.TestNG_MultipleTest_New.InvocationCountTest"/>
  <testcase name="sum" time="0.003" classname="com.TestNG_MultipleTest_New.InvocationCountTest"/>
  <testcase name="sum" time="0.001" classname="com.TestNG_MultipleTest_New.InvocationCountTest"/>
</testsuite> <!-- com.TestNG_MultipleTest_New.InvocationCountTest -->
