<?xml version="1.0" encoding="UTF-8"?>
<!-- Generated by org.testng.reporters.JUnitReportReporter -->
<testsuite hostname="DESKTOP-1VK2U25" name="com.BasicTestNG.AfterClassTest" tests="1" failures="0" timestamp="11 May 2020 16:12:56 GMT" time="23.886" errors="0">
  <testcase name="BasicTest" time="23.886" classname="com.BasicTestNG.AfterClassTest"/>
</testsuite> <!-- com.BasicTestNG.AfterClassTest -->
