<?xml version="1.0" encoding="UTF-8"?>
<!-- Generated by org.testng.reporters.JUnitReportReporter -->
<testsuite hostname="DESKTOP-1VK2U25" name="com.WebTitleTest.WebTitleTest" tests="2" failures="0" timestamp="13 May 2020 16:12:22 GMT" time="83.816" errors="0">
  <testcase name="logoTest" time="50.164" classname="com.WebTitleTest.WebTitleTest"/>
  <testcase name="googleTitleTest" time="33.652" classname="com.WebTitleTest.WebTitleTest"/>
</testsuite> <!-- com.WebTitleTest.WebTitleTest -->
