<?xml version="1.0" encoding="UTF-8"?>
<!-- Generated by org.testng.reporters.JUnitReportReporter -->
<testsuite hostname="DESKTOP-1VK2U25" name="com.TestNG.BasicTestNG" tests="1" failures="0" timestamp="26 Jul 2020 18:49:23 GMT" time="2.015" errors="0">
  <testcase name="BasicTest" time="2.015" classname="com.TestNG.BasicTestNG"/>
</testsuite> <!-- com.TestNG.BasicTestNG -->
