<?xml version="1.0" encoding="UTF-8"?>
<!-- Generated by org.testng.reporters.JUnitReportReporter -->
<testsuite hostname="DESKTOP-1VK2U25" name="com.BasicTestNG.BasicTestNG" tests="1" failures="0" timestamp="11 May 2020 15:33:24 GMT" time="28.474" errors="0">
  <testcase name="simpleTest" time="28.474" classname="com.BasicTestNG.BasicTestNG"/>
</testsuite> <!-- com.BasicTestNG.BasicTestNG -->
