<?xml version="1.0" encoding="UTF-8"?>
<!-- Generated by org.testng.reporters.JUnitReportReporter -->
<testsuite hostname="DESKTOP-1VK2U25" name="com.BeforeGroupAfterGroup.BeforeGroupTest" tests="3" failures="0" timestamp="11 May 2020 16:19:17 GMT" time="0.057" errors="0">
  <testcase name="testcase2" time="0.006" classname="com.BeforeGroupAfterGroup.BeforeGroupTest"/>
  <testcase name="testcase1" time="0.045" classname="com.BeforeGroupAfterGroup.BeforeGroupTest"/>
  <testcase name="testcase3" time="0.006" classname="com.BeforeGroupAfterGroup.BeforeGroupTest"/>
</testsuite> <!-- com.BeforeGroupAfterGroup.BeforeGroupTest -->
