<?xml version="1.0" encoding="UTF-8"?>
<!-- Generated by org.testng.reporters.JUnitReportReporter -->
<testsuite hostname="DESKTOP-1VK2U25" name="com.BasicTestNG.BeforeTestAfterTest" tests="1" failures="0" timestamp="12 May 2020 15:58:14 GMT" time="4.865" errors="0">
  <testcase name="BasicTest" time="4.865" classname="com.BasicTestNG.BeforeTestAfterTest"/>
</testsuite> <!-- com.BasicTestNG.BeforeTestAfterTest -->
