<?xml version="1.0" encoding="UTF-8"?>
<!-- Generated by org.testng.reporters.JUnitReportReporter -->
<testsuite hostname="DESKTOP-1VK2U25" name="com.TestNG_MultipleTest.TestDatabase" tests="4" failures="0" timestamp="12 May 2020 16:06:50 GMT" time="0.022" errors="0">
  <testcase name="testConnectOracle" time="0.008" classname="com.TestNG_MultipleTest.TestDatabase"/>
  <testcase name="testConnectMsSQL" time="0.006" classname="com.TestNG_MultipleTest.TestDatabase"/>
  <testcase name="testConnectMongoDB" time="0.005" classname="com.TestNG_MultipleTest.TestDatabase"/>
  <testcase name="testConnectMySQL" time="0.003" classname="com.TestNG_MultipleTest.TestDatabase"/>
</testsuite> <!-- com.TestNG_MultipleTest.TestDatabase -->
