<?xml version="1.0" encoding="UTF-8"?>
<!-- Generated by org.testng.reporters.JUnitReportReporter -->
<testsuite hostname="DESKTOP-1VK2U25" name="com.BeforeGroupAfterGroup.AfterGroupTest" tests="3" failures="0" timestamp="11 May 2020 16:21:59 GMT" time="0.036" errors="0">
  <testcase name="testcase1" time="0.030" classname="com.BeforeGroupAfterGroup.AfterGroupTest"/>
  <testcase name="testcase2" time="0.003" classname="com.BeforeGroupAfterGroup.AfterGroupTest"/>
  <testcase name="testcase3" time="0.003" classname="com.BeforeGroupAfterGroup.AfterGroupTest"/>
</testsuite> <!-- com.BeforeGroupAfterGroup.AfterGroupTest -->
