<?xml version="1.0" encoding="UTF-8"?>
<!-- Generated by org.testng.reporters.JUnitReportReporter -->
<testsuite hostname="DESKTOP-1VK2U25" name="com.ExtentReport.ExtentReportDemo" tests="1" failures="0" timestamp="15 May 2020 17:20:33 GMT" time="17.536" errors="0">
  <testcase name="extentReportsDemo" time="17.536" classname="com.ExtentReport.ExtentReportDemo"/>
</testsuite> <!-- com.ExtentReport.ExtentReportDemo -->
