<?xml version="1.0" encoding="UTF-8"?>
<!-- Generated by org.testng.reporters.JUnitReportReporter -->
<testsuite hostname="DESKTOP-1VK2U25" name="com.ExtentReport.ExtentReport" tests="1" failures="0" timestamp="22 Jul 2020 16:09:55 GMT" time="29.516" errors="0">
  <testcase name="extentReportsDemo" time="29.516" classname="com.ExtentReport.ExtentReport"/>
</testsuite> <!-- com.ExtentReport.ExtentReport -->
